Performing C SOURCE FILE Test CMAKE_HAVE_LIBC_PTHREAD failed with the following output:
Change Dir: /home/renato/Documents/git-repo/LARVIO/build/CMakeFiles/CMakeTmp

Run Build Command(s):/usr/bin/make cmTC_e997d/fast && /usr/bin/make -f CMakeFiles/cmTC_e997d.dir/build.make CMakeFiles/cmTC_e997d.dir/build
make[1]: Entering directory '/home/renato/Documents/git-repo/LARVIO/build/CMakeFiles/CMakeTmp'
Building C object CMakeFiles/cmTC_e997d.dir/src.c.o
/usr/bin/cc   -DCMAKE_HAVE_LIBC_PTHREAD   -o CMakeFiles/cmTC_e997d.dir/src.c.o   -c /home/renato/Documents/git-repo/LARVIO/build/CMakeFiles/CMakeTmp/src.c
Linking C executable cmTC_e997d
/usr/bin/cmake -E cmake_link_script CMakeFiles/cmTC_e997d.dir/link.txt --verbose=1
/usr/bin/cc  -DCMAKE_HAVE_LIBC_PTHREAD    -rdynamic CMakeFiles/cmTC_e997d.dir/src.c.o  -o cmTC_e997d 
/usr/bin/ld: CMakeFiles/cmTC_e997d.dir/src.c.o: in function `main':
src.c:(.text+0x46): undefined reference to `pthread_create'
/usr/bin/ld: src.c:(.text+0x52): undefined reference to `pthread_detach'
/usr/bin/ld: src.c:(.text+0x63): undefined reference to `pthread_join'
collect2: error: ld returned 1 exit status
make[1]: *** [CMakeFiles/cmTC_e997d.dir/build.make:87: cmTC_e997d] Error 1
make[1]: Leaving directory '/home/renato/Documents/git-repo/LARVIO/build/CMakeFiles/CMakeTmp'
make: *** [Makefile:121: cmTC_e997d/fast] Error 2


Source file was:
#include <pthread.h>

void* test_func(void* data)
{
  return data;
}

int main(void)
{
  pthread_t thread;
  pthread_create(&thread, NULL, test_func, NULL);
  pthread_detach(thread);
  pthread_join(thread, NULL);
  pthread_atfork(NULL, NULL, NULL);
  pthread_exit(NULL);

  return 0;
}

Determining if the function pthread_create exists in the pthreads failed with the following output:
Change Dir: /home/renato/Documents/git-repo/LARVIO/build/CMakeFiles/CMakeTmp

Run Build Command(s):/usr/bin/make cmTC_d35d7/fast && /usr/bin/make -f CMakeFiles/cmTC_d35d7.dir/build.make CMakeFiles/cmTC_d35d7.dir/build
make[1]: Entering directory '/home/renato/Documents/git-repo/LARVIO/build/CMakeFiles/CMakeTmp'
Building C object CMakeFiles/cmTC_d35d7.dir/CheckFunctionExists.c.o
/usr/bin/cc   -DCHECK_FUNCTION_EXISTS=pthread_create   -o CMakeFiles/cmTC_d35d7.dir/CheckFunctionExists.c.o   -c /usr/share/cmake-3.16/Modules/CheckFunctionExists.c
Linking C executable cmTC_d35d7
/usr/bin/cmake -E cmake_link_script CMakeFiles/cmTC_d35d7.dir/link.txt --verbose=1
/usr/bin/cc  -DCHECK_FUNCTION_EXISTS=pthread_create    -rdynamic CMakeFiles/cmTC_d35d7.dir/CheckFunctionExists.c.o  -o cmTC_d35d7  -lpthreads 
/usr/bin/ld: cannot find -lpthreads
collect2: error: ld returned 1 exit status
make[1]: *** [CMakeFiles/cmTC_d35d7.dir/build.make:87: cmTC_d35d7] Error 1
make[1]: Leaving directory '/home/renato/Documents/git-repo/LARVIO/build/CMakeFiles/CMakeTmp'
make: *** [Makefile:121: cmTC_d35d7/fast] Error 2



Determining if the function sgemm_ exists failed with the following output:
Change Dir: /home/renato/Documents/git-repo/LARVIO/build/CMakeFiles/CMakeTmp

Run Build Command(s):/usr/bin/make cmTC_68616/fast && /usr/bin/make -f CMakeFiles/cmTC_68616.dir/build.make CMakeFiles/cmTC_68616.dir/build
make[1]: Entering directory '/home/renato/Documents/git-repo/LARVIO/build/CMakeFiles/CMakeTmp'
Building C object CMakeFiles/cmTC_68616.dir/CheckFunctionExists.c.o
/usr/bin/cc   -DCHECK_FUNCTION_EXISTS=sgemm_   -o CMakeFiles/cmTC_68616.dir/CheckFunctionExists.c.o   -c /usr/share/cmake-3.16/Modules/CheckFunctionExists.c
Linking C executable cmTC_68616
/usr/bin/cmake -E cmake_link_script CMakeFiles/cmTC_68616.dir/link.txt --verbose=1
/usr/bin/cc  -DCHECK_FUNCTION_EXISTS=sgemm_    -rdynamic CMakeFiles/cmTC_68616.dir/CheckFunctionExists.c.o  -o cmTC_68616 
/usr/bin/ld: CMakeFiles/cmTC_68616.dir/CheckFunctionExists.c.o: in function `main':
CheckFunctionExists.c:(.text+0x14): undefined reference to `sgemm_'
collect2: error: ld returned 1 exit status
make[1]: *** [CMakeFiles/cmTC_68616.dir/build.make:87: cmTC_68616] Error 1
make[1]: Leaving directory '/home/renato/Documents/git-repo/LARVIO/build/CMakeFiles/CMakeTmp'
make: *** [Makefile:121: cmTC_68616/fast] Error 2



Determining if the function cheev_ exists failed with the following output:
Change Dir: /home/renato/Documents/git-repo/LARVIO/build/CMakeFiles/CMakeTmp

Run Build Command(s):/usr/bin/make cmTC_f08cf/fast && /usr/bin/make -f CMakeFiles/cmTC_f08cf.dir/build.make CMakeFiles/cmTC_f08cf.dir/build
make[1]: Entering directory '/home/renato/Documents/git-repo/LARVIO/build/CMakeFiles/CMakeTmp'
Building C object CMakeFiles/cmTC_f08cf.dir/CheckFunctionExists.c.o
/usr/bin/cc   -DCHECK_FUNCTION_EXISTS=cheev_   -o CMakeFiles/cmTC_f08cf.dir/CheckFunctionExists.c.o   -c /usr/share/cmake-3.16/Modules/CheckFunctionExists.c
Linking C executable cmTC_f08cf
/usr/bin/cmake -E cmake_link_script CMakeFiles/cmTC_f08cf.dir/link.txt --verbose=1
/usr/bin/cc  -DCHECK_FUNCTION_EXISTS=cheev_    -rdynamic CMakeFiles/cmTC_f08cf.dir/CheckFunctionExists.c.o  -o cmTC_f08cf  /usr/lib/x86_64-linux-gnu/libf77blas.so /usr/lib/x86_64-linux-gnu/libatlas.so 
/usr/bin/ld: CMakeFiles/cmTC_f08cf.dir/CheckFunctionExists.c.o: in function `main':
CheckFunctionExists.c:(.text+0x14): undefined reference to `cheev_'
collect2: error: ld returned 1 exit status
make[1]: *** [CMakeFiles/cmTC_f08cf.dir/build.make:89: cmTC_f08cf] Error 1
make[1]: Leaving directory '/home/renato/Documents/git-repo/LARVIO/build/CMakeFiles/CMakeTmp'
make: *** [Makefile:121: cmTC_f08cf/fast] Error 2



